<?xml version="1.0" encoding="UTF-8"?>
<!-- Generated by org.testng.reporters.JUnitReportReporter -->
<testsuite hostname="Mangesh-PC" failures="0" tests="2" name="com.offlineWebsiteTest.OfflineTest" time="11.832" errors="0" timestamp="31 May 2020 04:41:35 GMT">
  <testcase classname="com.offlineWebsiteTest.OfflineTest" name="test02_addUser" time="4.073"/>
  <testcase classname="com.offlineWebsiteTest.OfflineTest" name="test01_login" time="7.759"/>
</testsuite> <!-- com.offlineWebsiteTest.OfflineTest -->
